V-HACD V2.2
Syntax: testVHACD [options] --input infile.obj --output outfile.obj --log logfile.txt

Options:
       --input                     Wavefront .obj input file name
       --output                    VRML 2.0 output file name
       --log                       Log file name
       --resolution                Maximum number of voxels generated during the voxelization stage (default=100,000, range=10,000-16,000,000)
       --depth                     Maximum number of clipping stages. During each split stage, parts with a concavity higher than the user defined threshold are clipped according the "best" clipping plane (default=20, range=1-32)
       --concavity                 Maximum allowed concavity (default=0.0025, range=0.0-1.0)
       --planeDownsampling         Controls the granularity of the search for the "best" clipping plane (default=4, range=1-16)
       --convexhullDownsampling    Controls the precision of the convex-hull generation process during the clipping plane selection stage (default=4, range=1-16)
       --alpha                     Controls the bias toward clipping along symmetry planes (default=0.05, range=0.0-1.0)
       --beta                      Controls the bias toward clipping along revolution axes (default=0.05, range=0.0-1.0)
       --gamma                     Controls the maximum allowed concavity during the merge stage (default=0.00125, range=0.0-1.0)
       --delta                     Controls the bias toward maximaxing local concavity (default=0.05, range=0.0-1.0)
       --pca                       Enable/disable normalizing the mesh before applying the convex decomposition (default=0, range={0,1})
       --mode                      0: voxel-based approximate convex decomposition, 1: tetrahedron-based approximate convex decomposition (default=0, range={0,1})
       --maxNumVerticesPerCH       Controls the maximum number of triangles per convex-hull (default=64, range=4-1024)
       --minVolumePerCH            Controls the adaptive sampling of the generated convex-hulls (default=0.0001, range=0.0-0.01)
       --convexhullApproximation   Enable/disable approximation when computing convex-hulls (default=1, range={0,1})
       --oclAcceleration           Enable/disable OpenCL acceleration (default=0, range={0,1})
       --oclPlatformID             OpenCL platform id (default=0, range=0-# OCL platforms)
       --oclDeviceID               OpenCL device id (default=0, range=0-# OCL devices)
       --help                      Print usage

Examples:
       testVHACD.exe --input bunny.obj --output bunny_acd.obj --log log.txt

+ OpenCL (OFF)
+ Parameters
	 input                                       model/IPARing/IPARing.obj
	 resolution                                  50000
	 max. depth                                  20
	 max. concavity                              0.001
	 plane down-sampling                         4
	 convex-hull down-sampling                   4
	 alpha                                       0.04
	 beta                                        0.05
	 gamma                                       0.0005
	 pca                                         0
	 mode                                        0
	 max. vertices per convex-hull               64
	 min. volume to add vertices to convex-hulls 0.0001
	 convex-hull approximation                   1
	 OpenCL acceleration                         1
	 OpenCL platform ID                          0
	 OpenCL device ID                            0
	 output                                      model/IPARing/IPARing_collision.obj
	 log                                         model/IPARing/IPARing_convert.log
+ Load mesh
+ Voxelization
	 dim = 64	-> 17655 voxels
	 time 0.00460826s
+ Compute primitive set
	 # primitives               17655
	 # inside surface           10786
	 # on surface               6869
	 time 0.000208974s
+ Approximate Convex Decomposition
	 Subdivision level 1
	 -> Part[0] C  = 0.508869, E  = 0.192994, VS = 6869, VI = 10786
		 [Regular sampling] Number of clipping planes 35

			 Best  0020 T=0.352404 C=0.339973 B=0.001951 S=0.010480 (0.0, 1.0, 0.0, -0.002)

		 [Refining] Number of clipping planes 9

			 Best  0001 T=0.326181 C=0.314626 B=0.001075 S=0.010480 (0.0, 1.0, 0.0, 0.005)

	 Subdivision level 2
	 -> Part[0] C  = 0.145961, E  = 0.0965393, VS = 3436, VI = 6341
		 [Regular sampling] Number of clipping planes 25

			 Best  0014 T=0.050187 C=0.042293 B=0.000811 S=0.007083 (0.0, 1.0, 0.0, 0.037)

		 [Refining] Number of clipping planes 9

			 Best  0004 T=0.050718 C=0.042824 B=0.000811 S=0.007083 (0.0, 1.0, 0.0, 0.037)

	 -> Part[1] C  = 0.169265, E  = 0.104772, VS = 3729, VI = 4149
		 [Regular sampling] Number of clipping planes 24

			 Best  0005 T=0.073257 C=0.071763 B=0.000057 S=0.001437 (1.0, 0.0, 0.0, 0.004)

		 [Refining] Number of clipping planes 9

			 Best  0007 T=0.094652 C=0.093161 B=0.000054 S=0.001437 (1.0, 0.0, 0.0, -0.003)

	 Subdivision level 3
	 -> Part[0] C  = 0.00436156, E  = 0.0280964, VS = 1000, VI = 1391
	 -> Part[1] C  = 0.0403144, E  = 0.0719268, VS = 2560, VI = 4826
	 -> Part[2] C  = 0.0717234, E  = 0.0557152, VS = 1983, VI = 2099
		 [Regular sampling] Number of clipping planes 18

			 Best  0009 T=0.035012 C=0.032405 B=0.000099 S=0.002508 (0.0, 1.0, 0.0, -0.027)

		 [Refining] Number of clipping planes 9

			 Best  0006 T=0.033892 C=0.031316 B=0.000068 S=0.002508 (0.0, 1.0, 0.0, -0.032)

	 -> Part[3] C  = 0.0594973, E  = 0.0522593, VS = 1860, VI = 1936
		 [Regular sampling] Number of clipping planes 18

			 Best  0009 T=0.029064 C=0.026690 B=0.000065 S=0.002309 (0.0, 1.0, 0.0, -0.027)

		 [Refining] Number of clipping planes 9

			 Best  0006 T=0.028412 C=0.026064 B=0.000038 S=0.002309 (0.0, 1.0, 0.0, -0.032)

	 Subdivision level 4
	 -> Part[0] C  = 0.0141614, E  = 0.0241348, VS = 859, VI = 757
	 -> Part[1] C  = 0.0181028, E  = 0.0346991, VS = 1235, VI = 1231
	 -> Part[2] C  = 0.0135871, E  = 0.02391, VS = 851, VI = 757
	 -> Part[3] C  = 0.0134232, E  = 0.0315523, VS = 1123, VI = 1065
+ Generate 6 convex-hulls 
	 time 0.183984s
+ Merge Convex Hulls
	 time 0.0017794s
+ Simplify 6 convex-hulls 
		 Simplify CH[00000] 44 V, 84 T
		 Simplify CH[00001] 73 V, 142 T
		 Simplify CH[00002] 64 V, 124 T
		 Simplify CH[00003] 100 V, 196 T
		 Simplify CH[00004] 52 V, 100 T
		 Simplify CH[00005] 93 V, 182 T
	 time 0.00325923s
+ Generate output: 6 convex-hulls 
	 CH[00000] 41 V, 78 T
	 CH[00001] 64 V, 124 T
	 CH[00002] 47 V, 90 T
	 CH[00003] 64 V, 124 T
	 CH[00004] 40 V, 76 T
	 CH[00005] 64 V, 124 T
